<testsuites id="" name="" tests="1" failures="1" skipped="0" errors="0" time="5.072122">
<testsuite name="tests\createRoom.spec.ts" timestamp="2024-01-09T10:46:40.379Z" hostname="chromium" tests="1" failures="1" skipped="0" time="1.394" errors="0">
<testcase name="Creating room › Admin user must be able to create new room by filling up all mandatory fields @sanity" classname="tests\createRoom.spec.ts" time="1.394">
<failure message="createRoom.spec.ts:36:7 Admin user must be able to create new room by filling up all mandatory fields @sanity" type="FAILURE">
<![CDATA[  [chromium] › tests\createRoom.spec.ts:36:7 › Creating room › Admin user must be able to create new room by filling up all mandatory fields @sanity 

    TypeError: Cannot read properties of undefined (reading 'check')

       at pages\RoomsPage.ts:50

      48 |     //await this.refreshmentsCheckbox.check({force:true})
      49 |     //await this.safeCheckbox.check({force:true})
    > 50 |     await this.viewsCheckbox.check({force:true})
         |                              ^
      51 |   }
      52 |
      53 |   async createRoom(roomName: string, roomType: RoomType, roomAccessibleDropdown: boolean, roomPrice: number, roomFeatures: RoomFeatures) {

        at RoomsPage.selectRoomFeatures (c:\Users\vl.novakovic\Documents\repos\restful-booker-tests\pages\RoomsPage.ts:50:30)
        at RoomsPage.createRoom (c:\Users\vl.novakovic\Documents\repos\restful-booker-tests\pages\RoomsPage.ts:58:16)
        at c:\Users\vl.novakovic\Documents\repos\restful-booker-tests\tests\createRoom.spec.ts:37:5

    attachment #1: screenshot (image/png) ──────────────────────────────────────────────────────────
    test-results\tests-createRoom-Creating-room-Admin-user-must-26535--room-by-filling-up-all-mandatory-fields-sanity-chromium\test-failed-1.png
    ────────────────────────────────────────────────────────────────────────────────────────────────
]]>
</failure>
<system-out>
<![CDATA[
[[ATTACHMENT|tests-createRoom-Creating-room-Admin-user-must-26535--room-by-filling-up-all-mandatory-fields-sanity-chromium\test-failed-1.png]]
]]>
</system-out>
</testcase>
</testsuite>
</testsuites>