<testsuites id="" name="" tests="1" failures="0" skipped="0" errors="0" time="10.745816000000001">
<testsuite name="tests\contactHotel.spec.ts" timestamp="2024-01-11T14:49:20.836Z" hostname="chromium" tests="1" failures="0" skipped="0" time="5.785" errors="0">
<testcase name="Contact Hotel › Customer must NOT be able to contact hotel without filling up the Message field" classname="tests\contactHotel.spec.ts" time="5.785">
<system-out>
<![CDATA[
[[ATTACHMENT|tests-contactHotel-Contact-Hotel-Customer-must-8c0a6-tact-hotel-without-filling-up-the-Message-field-chromium\trace.zip]]
]]>
</system-out>
</testcase>
</testsuite>
</testsuites>