<testsuites id="" name="" tests="1" failures="0" skipped="0" errors="0" time="12.732002">
<testsuite name="tests\contactHotel.spec.ts" timestamp="2024-01-11T12:45:22.673Z" hostname="chromium" tests="1" failures="0" skipped="0" time="6.768" errors="0">
<testcase name="Contact Hotel › Customer must be able to contact hotel by filling up all mandatory fields @sanity" classname="tests\contactHotel.spec.ts" time="6.768">
<system-out>
<![CDATA[
[[ATTACHMENT|tests-contactHotel-Contact-Hotel-Customer-must-2c694-hotel-by-filling-up-all-mandatory-fields-sanity-chromium\trace.zip]]
]]>
</system-out>
</testcase>
</testsuite>
</testsuites>